{"level":"info","message":"Test Case Started : @Smoke Verify Book Store Login"}
{"level":"info","message":"Test Case Completed : @Smoke Verify Book Store Login Status : failed"}
{"level":"error","message":"File not found: /Users/gboyegasoyoola/Downloads/playwright-typescript-playwright-test-main/html-report"}
{"level":"info","message":"Test Case Started : @Smoke Verify Interactions Page"}
{"level":"info","message":"Test Case Started : @Smoke Verify Alerts, Frame & Windows Page"}
{"level":"info","message":"Test Case Started : @Smoke Verify Book Store Login"}
{"level":"info","message":"Test Case Started : @Smoke Verify Elements Page"}
{"level":"info","message":"Test Case Completed : @Smoke Verify Interactions Page Status : failed"}
{"level":"info","message":"Test Case Completed : @Smoke Verify Alerts, Frame & Windows Page Status : failed"}
{"level":"info","message":"Test Case Completed : @Smoke Verify Book Store Login Status : failed"}
{"level":"info","message":"Test Case Completed : @Smoke Verify Elements Page Status : failed"}
{"level":"info","message":"Test Case Started : @Smoke Verify the text contents of PDF file."}
{"level":"info","message":"Test Case Started : @Smoke Verify Widgets Page"}
{"level":"info","message":"Test Case Completed : @Smoke Verify the text contents of PDF file. Status : failed"}
{"level":"info","message":"Test Case Completed : @Smoke Verify Widgets Page Status : failed"}
{"level":"info","message":"Test Case Started : @Smoke Verify Alerts, Frame & Windows Page"}
{"level":"info","message":"Test Case Completed : @Smoke Verify Alerts, Frame & Windows Page Status : failed"}
{"level":"info","message":"Test Case Started : @Volvo Navigate to Webpage"}
{"level":"info","message":"Test Case Completed : @Volvo Navigate to Webpage Status : failed"}
{"level":"info","message":"Test Case Started : @Volvo Navigate to Webpage"}
{"level":"info","message":"Executing Step : Navigate to Application"}
{"level":"info","message":"Test Case Completed : @Volvo Navigate to Webpage Status : passed"}
{"level":"info","message":"Test Case Started : @Smoke Navigate to Webpage"}
{"level":"info","message":"Executing Step : Navigate to Application"}
{"level":"info","message":"Test Case Completed : @Smoke Navigate to Webpage Status : passed"}
{"level":"info","message":"Test Case Started : @Smoke Navigate to Webpage"}
{"level":"info","message":"Executing Step : Navigate to Application"}
{"level":"info","message":"Test Case Completed : @Smoke Navigate to Webpage Status : passed"}
{"level":"info","message":"Test Case Started : @Smoke Navigate to Webpage"}
{"level":"info","message":"Executing Step : Navigate to Application"}
{"level":"info","message":"Test Case Completed : @Smoke Navigate to Webpage Status : passed"}
{"level":"error","message":"Test has unknown parameter \"loginPage\"."}
{"level":"error","message":"Test has unknown parameter \"elementsPage\"."}
{"level":"error","message":"Test has unknown parameter \"webActions\"."}
{"level":"error","message":"Test has unknown parameter \"loginPage\"."}
{"level":"error","message":"Test has unknown parameter \"alertsFrameWindowsPage\"."}
{"level":"error","message":"Test has unknown parameter \"webActions\"."}
{"level":"error","message":"Test has unknown parameter \"loginPage\"."}
{"level":"error","message":"Test has unknown parameter \"elementsPage\"."}
{"level":"error","message":"Test has unknown parameter \"webActions\"."}
{"level":"error","message":"Test has unknown parameter \"loginPage\"."}
{"level":"error","message":"Test has unknown parameter \"webActions\"."}
{"level":"error","message":"Test has unknown parameter \"loginPage\"."}
{"level":"error","message":"Test has unknown parameter \"interactionsPage\"."}
{"level":"error","message":"Test has unknown parameter \"webActions\"."}
{"level":"error","message":"Test has unknown parameter \"webActions\"."}
{"level":"error","message":"Error: duplicate test title \"@Smoke Navigate to Webpage\", first declared in tests/functional/Safety.test.ts:5"}
{"level":"error","message":"Test has unknown parameter \"loginPage\"."}
{"level":"error","message":"Test has unknown parameter \"widgetsPage\"."}
{"level":"error","message":"Test has unknown parameter \"webActions\"."}
{"level":"error","message":"Test has unknown parameter \"loginPage\"."}
{"level":"error","message":"Error: duplicate test title \"@Smoke Navigate to Webpage\", first declared in tests/functional/Safety.test.ts:5"}
{"level":"info","message":"Test Case Started : @Smoke Navigate to Webpage"}
{"level":"info","message":"Executing Step : Navigate to webpage and reject cookies"}
{"level":"info","message":"Test Case Completed : @Smoke Navigate to Webpage Status : passed"}
{"level":"info","message":"Test Case Started : @Smoke Culture and Vision tab"}
{"level":"info","message":"Executing Step : Navigate to Culture and vision Tab"}
{"level":"info","message":"Test Case Completed : @Smoke Culture and Vision tab Status : failed"}
{"level":"info","message":"Test Case Started : @Smoke Feature Tab"}
{"level":"info","message":"Executing Step : Navigate to Feature tab"}
{"level":"info","message":"Test Case Completed : @Smoke Feature Tab Status : failed"}
{"level":"info","message":"Test Case Started : @Smoke Navigate to Webpage"}
{"level":"info","message":"Executing Step : Navigate to webpage and reject cookies"}
{"level":"info","message":"Test Case Completed : @Smoke Navigate to Webpage Status : passed"}
{"level":"info","message":"Test Case Started : @Smoke Culture and Vision tab"}
{"level":"info","message":"Executing Step : Navigate to Culture and vision Tab"}
{"level":"info","message":"Test Case Completed : @Smoke Culture and Vision tab Status : passed"}
{"level":"info","message":"Test Case Started : @Smoke Feature Tab"}
{"level":"info","message":"Executing Step : Navigate to Feature tab"}
{"level":"info","message":"Test Case Completed : @Smoke Feature Tab Status : passed"}
{"level":"error","message":"Test has unknown parameter \"loginPage\"."}
{"level":"error","message":"Test has unknown parameter \"elementsPage\"."}
{"level":"error","message":"Test has unknown parameter \"webActions\"."}
{"level":"error","message":"Test has unknown parameter \"loginPage\"."}
{"level":"error","message":"Test has unknown parameter \"loginPage\"."}
{"level":"error","message":"Test has unknown parameter \"elementsPage\"."}
{"level":"error","message":"Test has unknown parameter \"webActions\"."}
{"level":"error","message":"Test has unknown parameter \"loginPage\"."}
{"level":"error","message":"Test has unknown parameter \"loginPage\"."}
{"level":"error","message":"Test has unknown parameter \"elementsPage\"."}
{"level":"error","message":"Test has unknown parameter \"webActions\"."}
{"level":"error","message":"Test has unknown parameter \"loginPage\"."}
{"level":"error","message":"Test has unknown parameter \"loginPage\"."}
{"level":"error","message":"Test has unknown parameter \"elementsPage\"."}
{"level":"error","message":"Test has unknown parameter \"webActions\"."}
{"level":"error","message":"Test has unknown parameter \"loginPage\"."}
{"level":"error","message":"Test has unknown parameter \"loginPage\"."}
{"level":"info","message":"Test Case Started : @Volvo Culture and Vision tab"}
{"level":"info","message":"Test Case Started : @Volvo Navigate to Webpage"}
{"level":"info","message":"Test Case Started : @Volvo Feature Tab"}
{"level":"info","message":"Executing Step : Navigate to Feature tab"}
{"level":"info","message":"Executing Step : Navigate to Culture and vision Tab"}
{"level":"info","message":"Executing Step : Navigate to webpage and reject cookies"}
{"level":"info","message":"Test Case Completed : @Volvo Feature Tab Status : passed"}
{"level":"info","message":"Test Case Completed : @Volvo Navigate to Webpage Status : passed"}
{"level":"info","message":"Test Case Completed : @Volvo Culture and Vision tab Status : passed"}
{"level":"info","message":"Test Case Started : @Volvo Culture and Vision tab"}
{"level":"info","message":"Test Case Started : @Volvo Heritage tab"}
{"level":"info","message":"Test Case Started : @Volvo Child Safety tab"}
{"level":"info","message":"Test Case Started : @Volvo Feature Tab"}
{"level":"info","message":"Executing Step : Navigate to Heritage Tab"}
{"level":"info","message":"Executing Step : Navigate to Feature tab"}
{"level":"info","message":"Executing Step : Navigate to Culture and vision Tab"}
{"level":"info","message":"Executing Step : Navigate to Child Safety Tab"}
{"level":"info","message":"Test Case Completed : @Volvo Feature Tab Status : passed"}
{"level":"info","message":"Test Case Started : @Volvo Research tab"}
{"level":"info","message":"Test Case Completed : @Volvo Culture and Vision tab Status : passed"}
{"level":"info","message":"Test Case Completed : @Volvo Heritage tab Status : passed"}
{"level":"info","message":"Test Case Started : @Volvo Navigate to Webpage"}
{"level":"info","message":"Test Case Completed : @Volvo Child Safety tab Status : passed"}
{"level":"info","message":"Executing Step : Navigate to Research Tab"}
{"level":"info","message":"Executing Step : Navigate to webpage and reject cookies"}
{"level":"info","message":"Test Case Completed : @Volvo Navigate to Webpage Status : passed"}
{"level":"info","message":"Test Case Completed : @Volvo Research tab Status : passed"}
{"level":"info","message":"Test Case Started : @Volvo Feature Tab"}
{"level":"info","message":"Test Case Started : @Volvo Child Safety tab"}
{"level":"info","message":"Test Case Started : @Volvo Heritage tab"}
{"level":"info","message":"Test Case Started : @Volvo Culture and Vision tab"}
{"level":"info","message":"Executing Step : Navigate to Culture and vision Tab"}
{"level":"info","message":"Executing Step : Navigate to Feature tab"}
{"level":"info","message":"Executing Step : Navigate to Child Safety Tab"}
{"level":"info","message":"Executing Step : Navigate to Heritage Tab"}
{"level":"info","message":"Test Case Completed : @Volvo Feature Tab Status : passed"}
{"level":"info","message":"Test Case Started : @Volvo Research tab"}
{"level":"info","message":"Test Case Completed : @Volvo Culture and Vision tab Status : passed"}
{"level":"info","message":"Test Case Started : @Volvo Navigate to Webpage"}
{"level":"info","message":"Test Case Completed : @Volvo Child Safety tab Status : passed"}
{"level":"info","message":"Test Case Completed : @Volvo Heritage tab Status : passed"}
{"level":"info","message":"Executing Step : Navigate to Research Tab"}
{"level":"info","message":"Executing Step : Navigate to webpage and reject cookies"}
{"level":"info","message":"Test Case Completed : @Volvo Navigate to Webpage Status : passed"}
{"level":"info","message":"Test Case Completed : @Volvo Research tab Status : passed"}
